<?xml version="1.0" encoding="UTF-8"?>
<!-- Generated by org.testng.reporters.JUnitReportReporter -->
<testsuite hostname="LAPTOP-SDBHL7FT" failures="0" tests="4" name="binar.runners.testRunner" time="18.524" errors="0" timestamp="2023-12-10T16:42:31 ICT" skipped="0">
  <testcase classname="binar.runners.testRunner" name="runScenario" time="5.264"/>
  <testcase classname="binar.runners.testRunner" name="runScenario" time="5.238"/>
  <testcase classname="binar.runners.testRunner" name="runScenario" time="3.831"/>
  <testcase classname="binar.runners.testRunner" name="runScenario" time="4.191"/>
</testsuite> <!-- binar.runners.testRunner -->
